2024-06-01 14:20:14,677 - kedro.ipython - INFO - Kedro project kedro-az-sentiment
2024-06-01 14:20:14,678 - kedro.ipython - INFO - Defined global variable 'context', 'session', 'catalog' and 'pipelines'
2024-06-01 14:20:14,705 - py.warnings - WARNING - /Users/nijatz/PycharmProjects/kedro-classification/.venv/lib/python3.9/site-packages/urllib3/__init__.py:35: NotOpenSSLWarning: urllib3 v2 only supports OpenSSL 1.1.1+, currently the 'ssl' module is compiled with 'LibreSSL 2.8.3'. See: https://github.com/urllib3/urllib3/issues/3020
  warnings.warn(

2024-06-01 14:20:15,209 - py.warnings - WARNING - /Users/nijatz/PycharmProjects/kedro-classification/.venv/lib/python3.9/site-packages/kedro_viz/api/graphql/router.py:11: DeprecationWarning: The `graphiql` argument is deprecated in favor of `graphql_ide`
  graphql_app: GraphQL = GraphQL(schema, graphiql=False)

2024-06-01 14:20:15,217 - kedro.ipython - INFO - Registered line magic 'run_viz'
2024-06-01 14:20:32,636 - kedro.io.data_catalog - INFO - Loading data from 'ag_news_train' (CSVDataSet)...
2024-06-01 14:21:14,507 - kedro.ipython - INFO - Kedro project kedro-az-sentiment
2024-06-01 14:21:14,508 - kedro.ipython - INFO - Defined global variable 'context', 'session', 'catalog' and 'pipelines'
2024-06-01 14:21:14,535 - py.warnings - WARNING - /Users/nijatz/PycharmProjects/kedro-classification/.venv/lib/python3.9/site-packages/urllib3/__init__.py:35: NotOpenSSLWarning: urllib3 v2 only supports OpenSSL 1.1.1+, currently the 'ssl' module is compiled with 'LibreSSL 2.8.3'. See: https://github.com/urllib3/urllib3/issues/3020
  warnings.warn(

2024-06-01 14:21:15,035 - py.warnings - WARNING - /Users/nijatz/PycharmProjects/kedro-classification/.venv/lib/python3.9/site-packages/kedro_viz/api/graphql/router.py:11: DeprecationWarning: The `graphiql` argument is deprecated in favor of `graphql_ide`
  graphql_app: GraphQL = GraphQL(schema, graphiql=False)

2024-06-01 14:21:15,043 - kedro.ipython - INFO - Registered line magic 'run_viz'
2024-06-01 14:21:16,801 - kedro.io.data_catalog - INFO - Loading data from 'az_sent_train' (CSVDataSet)...
2024-06-01 14:32:25,174 - kedro.framework.session.session - INFO - Kedro project kedro-az-sentiment
2024-06-01 14:34:37,228 - kedro.framework.session.session - INFO - Kedro project kedro-az-sentiment
2024-06-01 14:34:39,055 - kedro.io.data_catalog - INFO - Loading data from 'az_sent_train' (CSVDataSet)...
2024-06-01 14:34:39,057 - kedro.runner.sequential_runner - WARNING - No nodes ran. Repeat the previous command to attempt a new run.
2024-06-01 14:35:31,370 - kedro.framework.session.session - INFO - Kedro project kedro-az-sentiment
2024-06-01 14:35:33,241 - kedro.io.data_catalog - INFO - Loading data from 'az_sent_train' (CSVDataSet)...
2024-06-01 14:35:33,243 - kedro.runner.sequential_runner - WARNING - No nodes ran. Repeat the previous command to attempt a new run.
2024-06-01 14:36:10,392 - kedro.framework.session.session - INFO - Kedro project kedro-az-sentiment
2024-06-01 14:36:12,283 - kedro.io.data_catalog - INFO - Loading data from 'az_sent_train' (CSVDataSet)...
2024-06-01 14:36:12,285 - kedro.runner.sequential_runner - WARNING - No nodes ran. Repeat the previous command to attempt a new run.
2024-06-01 14:36:59,905 - kedro.framework.session.session - INFO - Kedro project kedro-az-sentiment
2024-06-01 14:37:01,811 - kedro.io.data_catalog - INFO - Loading data from 'az_sent_train' (CSVDataSet)...
2024-06-01 14:37:01,870 - kedro.io.data_catalog - INFO - Loading data from 'az_sent_test' (CSVDataSet)...
2024-06-01 14:37:01,885 - kedro.pipeline.node - INFO - Running node: preprocess_sentiment_data_node: preprocess_sentiment_data([az_sent_train,az_sent_test]) -> [tokenized_data]
2024-06-01 14:37:01,887 - kedro.pipeline.node - ERROR - Node 'preprocess_sentiment_data_node: preprocess_sentiment_data([az_sent_train,az_sent_test]) -> [tokenized_data]' failed with error: 
can't convert np.ndarray of type numpy.object_. The only supported types are: float64, float32, float16, complex64, complex128, int64, int32, int16, int8, uint64, uint32, uint16, uint8, and bool.
2024-06-01 14:37:01,889 - kedro.runner.sequential_runner - WARNING - No nodes ran. Repeat the previous command to attempt a new run.
2024-06-01 14:38:48,267 - kedro.framework.session.session - INFO - Kedro project kedro-az-sentiment
2024-06-01 14:38:50,134 - kedro.io.data_catalog - INFO - Loading data from 'az_sent_train' (CSVDataSet)...
2024-06-01 14:38:50,190 - kedro.io.data_catalog - INFO - Loading data from 'az_sent_test' (CSVDataSet)...
2024-06-01 14:38:50,207 - kedro.pipeline.node - INFO - Running node: preprocess_sentiment_data_node: preprocess_sentiment_data([az_sent_train,az_sent_test]) -> [tokenized_data]
2024-06-01 14:39:10,664 - kedro.io.data_catalog - INFO - Saving data to 'tokenized_data' (MemoryDataSet)...
2024-06-01 14:39:10,711 - kedro.runner.sequential_runner - INFO - Completed 1 out of 2 tasks
2024-06-01 14:39:10,712 - kedro.io.data_catalog - INFO - Loading data from 'tokenized_data' (MemoryDataSet)...
2024-06-01 14:39:10,748 - kedro.io.data_catalog - INFO - Loading data from 'params:data_params' (MemoryDataSet)...
2024-06-01 14:39:10,749 - kedro.pipeline.node - INFO - Running node: train_val_split_node: train_val_split([tokenized_data,params:data_params]) -> [train_dataset,val_dataset]
2024-06-01 14:39:10,791 - kedro.io.data_catalog - INFO - Saving data to 'train_dataset' (MemoryDataSet)...
2024-06-01 14:39:10,834 - kedro.io.data_catalog - INFO - Saving data to 'val_dataset' (MemoryDataSet)...
2024-06-01 14:39:10,858 - kedro.runner.sequential_runner - INFO - Completed 2 out of 2 tasks
2024-06-01 14:39:10,859 - kedro.runner.sequential_runner - INFO - Pipeline execution completed successfully.
2024-06-01 14:39:10,860 - kedro.io.data_catalog - INFO - Loading data from 'val_dataset' (MemoryDataSet)...
2024-06-01 14:39:10,864 - kedro.io.data_catalog - INFO - Loading data from 'train_dataset' (MemoryDataSet)...
2024-06-01 14:48:50,840 - kedro.framework.session.session - INFO - Kedro project kedro-az-sentiment
2024-06-01 14:48:53,583 - kedro.io.data_catalog - INFO - Loading data from 'az_sent_train' (CSVDataSet)...
2024-06-01 14:48:53,642 - kedro.io.data_catalog - INFO - Loading data from 'az_sent_test' (CSVDataSet)...
2024-06-01 14:48:53,658 - kedro.pipeline.node - INFO - Running node: preprocess_sentiment_data_node: preprocess_sentiment_data([az_sent_train,az_sent_test]) -> [tokenized_data]
2024-06-01 14:49:12,926 - kedro.io.data_catalog - INFO - Saving data to 'tokenized_data' (MemoryDataSet)...
2024-06-01 14:49:12,971 - kedro.runner.sequential_runner - INFO - Completed 1 out of 4 tasks
2024-06-01 14:49:12,971 - kedro.io.data_catalog - INFO - Loading data from 'tokenized_data' (MemoryDataSet)...
2024-06-01 14:49:13,005 - kedro.io.data_catalog - INFO - Loading data from 'params:data_params' (MemoryDataSet)...
2024-06-01 14:49:13,006 - kedro.pipeline.node - INFO - Running node: train_val_split_node: train_val_split([tokenized_data,params:data_params]) -> [train_dataset,val_dataset]
2024-06-01 14:49:13,058 - kedro.io.data_catalog - INFO - Saving data to 'train_dataset' (MemoryDataSet)...
2024-06-01 14:49:13,089 - kedro.io.data_catalog - INFO - Saving data to 'val_dataset' (MemoryDataSet)...
2024-06-01 14:49:13,108 - kedro.runner.sequential_runner - INFO - Completed 2 out of 4 tasks
2024-06-01 14:49:13,109 - kedro.io.data_catalog - INFO - Loading data from 'train_dataset' (MemoryDataSet)...
2024-06-01 14:49:13,124 - kedro.io.data_catalog - INFO - Loading data from 'val_dataset' (MemoryDataSet)...
2024-06-01 14:49:13,130 - kedro.io.data_catalog - INFO - Loading data from 'params:train_params' (MemoryDataSet)...
2024-06-01 14:49:13,131 - kedro.pipeline.node - INFO - Running node: train_model_node: train_model([train_dataset,val_dataset,params:train_params]) -> [trained_model]
2024-06-01 14:49:53,028 - py.warnings - WARNING - /Users/nijatz/PycharmProjects/kedro-classification/.venv/lib/python3.9/site-packages/transformers/training_args.py:1474: FutureWarning: `evaluation_strategy` is deprecated and will be removed in version 4.46 of 🤗 Transformers. Use `eval_strategy` instead
  warnings.warn(

2024-06-01 14:49:53,030 - kedro.pipeline.node - ERROR - Node 'train_model_node: train_model([train_dataset,val_dataset,params:train_params]) -> [trained_model]' failed with error: 
Using the `Trainer` with `PyTorch` requires `accelerate>=0.21.0`: Please run `pip install transformers[torch]` or `pip install accelerate -U`
2024-06-01 14:49:53,032 - kedro.runner.sequential_runner - WARNING - There are 2 nodes that have not run.
You can resume the pipeline run from the nearest nodes with persisted inputs by adding the following argument to your previous command:
  --from-nodes "preprocess_sentiment_data_node"
2024-06-01 14:50:15,447 - kedro.framework.session.session - INFO - Kedro project kedro-az-sentiment
2024-06-01 14:50:17,952 - kedro.io.data_catalog - INFO - Loading data from 'az_sent_train' (CSVDataSet)...
2024-06-01 14:50:18,009 - kedro.io.data_catalog - INFO - Loading data from 'az_sent_test' (CSVDataSet)...
2024-06-01 14:50:18,026 - kedro.pipeline.node - INFO - Running node: preprocess_sentiment_data_node: preprocess_sentiment_data([az_sent_train,az_sent_test]) -> [tokenized_data]
2024-06-01 14:50:37,433 - kedro.io.data_catalog - INFO - Saving data to 'tokenized_data' (MemoryDataSet)...
2024-06-01 14:50:37,485 - kedro.runner.sequential_runner - INFO - Completed 1 out of 4 tasks
2024-06-01 14:50:37,486 - kedro.io.data_catalog - INFO - Loading data from 'tokenized_data' (MemoryDataSet)...
2024-06-01 14:50:37,571 - kedro.io.data_catalog - INFO - Loading data from 'params:data_params' (MemoryDataSet)...
2024-06-01 14:50:37,572 - kedro.pipeline.node - INFO - Running node: train_val_split_node: train_val_split([tokenized_data,params:data_params]) -> [train_dataset,val_dataset]
2024-06-01 14:50:37,610 - kedro.io.data_catalog - INFO - Saving data to 'train_dataset' (MemoryDataSet)...
2024-06-01 14:50:37,634 - kedro.io.data_catalog - INFO - Saving data to 'val_dataset' (MemoryDataSet)...
2024-06-01 14:50:37,650 - kedro.runner.sequential_runner - INFO - Completed 2 out of 4 tasks
2024-06-01 14:50:37,651 - kedro.io.data_catalog - INFO - Loading data from 'train_dataset' (MemoryDataSet)...
2024-06-01 14:50:37,666 - kedro.io.data_catalog - INFO - Loading data from 'val_dataset' (MemoryDataSet)...
2024-06-01 14:50:37,672 - kedro.io.data_catalog - INFO - Loading data from 'params:train_params' (MemoryDataSet)...
2024-06-01 14:50:37,673 - kedro.pipeline.node - INFO - Running node: train_model_node: train_model([train_dataset,val_dataset,params:train_params]) -> [trained_model]
2024-06-01 14:50:38,378 - py.warnings - WARNING - /Users/nijatz/PycharmProjects/kedro-classification/.venv/lib/python3.9/site-packages/transformers/training_args.py:1474: FutureWarning: `evaluation_strategy` is deprecated and will be removed in version 4.46 of 🤗 Transformers. Use `eval_strategy` instead
  warnings.warn(

2024-06-01 14:50:38,808 - kedro.pipeline.node - ERROR - Node 'train_model_node: train_model([train_dataset,val_dataset,params:train_params]) -> [trained_model]' failed with error: 
vars() argument must have __dict__ attribute
2024-06-01 14:50:38,811 - kedro.runner.sequential_runner - WARNING - There are 2 nodes that have not run.
You can resume the pipeline run from the nearest nodes with persisted inputs by adding the following argument to your previous command:
  --from-nodes "preprocess_sentiment_data_node"
2024-06-01 14:52:15,789 - kedro.framework.session.session - INFO - Kedro project kedro-az-sentiment
2024-06-01 14:52:18,403 - kedro.io.data_catalog - INFO - Loading data from 'az_sent_train' (CSVDataSet)...
2024-06-01 14:52:18,458 - kedro.io.data_catalog - INFO - Loading data from 'az_sent_test' (CSVDataSet)...
2024-06-01 14:52:18,474 - kedro.pipeline.node - INFO - Running node: preprocess_sentiment_data_node: preprocess_sentiment_data([az_sent_train,az_sent_test]) -> [tokenized_data]
2024-06-01 14:52:37,641 - kedro.io.data_catalog - INFO - Saving data to 'tokenized_data' (MemoryDataSet)...
2024-06-01 14:52:37,684 - kedro.runner.sequential_runner - INFO - Completed 1 out of 4 tasks
2024-06-01 14:52:37,685 - kedro.io.data_catalog - INFO - Loading data from 'tokenized_data' (MemoryDataSet)...
2024-06-01 14:52:37,719 - kedro.io.data_catalog - INFO - Loading data from 'params:data_params' (MemoryDataSet)...
2024-06-01 14:52:37,720 - kedro.pipeline.node - INFO - Running node: train_val_split_node: train_val_split([tokenized_data,params:data_params]) -> [train_dataset,val_dataset]
2024-06-01 14:52:37,756 - kedro.io.data_catalog - INFO - Saving data to 'train_dataset' (MemoryDataSet)...
2024-06-01 14:52:37,780 - kedro.io.data_catalog - INFO - Saving data to 'val_dataset' (MemoryDataSet)...
2024-06-01 14:52:37,800 - kedro.runner.sequential_runner - INFO - Completed 2 out of 4 tasks
2024-06-01 14:52:37,801 - kedro.io.data_catalog - INFO - Loading data from 'train_dataset' (MemoryDataSet)...
2024-06-01 14:52:37,816 - kedro.io.data_catalog - INFO - Loading data from 'val_dataset' (MemoryDataSet)...
2024-06-01 14:52:37,822 - kedro.io.data_catalog - INFO - Loading data from 'params:train_params' (MemoryDataSet)...
2024-06-01 14:52:37,823 - kedro.pipeline.node - INFO - Running node: train_model_node: train_model([train_dataset,val_dataset,params:train_params]) -> [trained_model]
2024-06-01 14:52:38,303 - py.warnings - WARNING - /Users/nijatz/PycharmProjects/kedro-classification/.venv/lib/python3.9/site-packages/transformers/training_args.py:1474: FutureWarning: `evaluation_strategy` is deprecated and will be removed in version 4.46 of 🤗 Transformers. Use `eval_strategy` instead
  warnings.warn(

2024-06-01 14:56:34,434 - kedro.framework.session.session - INFO - Kedro project kedro-az-sentiment
2024-06-01 14:56:37,602 - kedro.io.data_catalog - INFO - Loading data from 'az_sent_train' (CSVDataSet)...
2024-06-01 14:56:37,661 - kedro.io.data_catalog - INFO - Loading data from 'az_sent_test' (CSVDataSet)...
2024-06-01 14:56:37,677 - kedro.pipeline.node - INFO - Running node: preprocess_sentiment_data_node: preprocess_sentiment_data([az_sent_train,az_sent_test]) -> [tokenized_data]
2024-06-01 14:56:57,113 - kedro.io.data_catalog - INFO - Saving data to 'tokenized_data' (MemoryDataSet)...
2024-06-01 14:56:57,156 - kedro.runner.sequential_runner - INFO - Completed 1 out of 4 tasks
2024-06-01 14:56:57,157 - kedro.io.data_catalog - INFO - Loading data from 'tokenized_data' (MemoryDataSet)...
2024-06-01 14:56:57,191 - kedro.io.data_catalog - INFO - Loading data from 'params:data_params' (MemoryDataSet)...
2024-06-01 14:56:57,192 - kedro.pipeline.node - INFO - Running node: train_val_split_node: train_val_split([tokenized_data,params:data_params]) -> [train_dataset,val_dataset]
2024-06-01 14:56:57,230 - kedro.io.data_catalog - INFO - Saving data to 'train_dataset' (MemoryDataSet)...
2024-06-01 14:56:57,253 - kedro.io.data_catalog - INFO - Saving data to 'val_dataset' (MemoryDataSet)...
2024-06-01 14:56:57,274 - kedro.runner.sequential_runner - INFO - Completed 2 out of 4 tasks
2024-06-01 14:56:57,275 - kedro.io.data_catalog - INFO - Loading data from 'train_dataset' (MemoryDataSet)...
2024-06-01 14:56:57,291 - kedro.io.data_catalog - INFO - Loading data from 'val_dataset' (MemoryDataSet)...
2024-06-01 14:56:57,297 - kedro.io.data_catalog - INFO - Loading data from 'params:train_params' (MemoryDataSet)...
2024-06-01 14:56:57,298 - kedro.pipeline.node - INFO - Running node: train_model_node: train_model([train_dataset,val_dataset,params:train_params]) -> [trained_model]
2024-06-01 14:56:58,091 - py.warnings - WARNING - /Users/nijatz/PycharmProjects/kedro-classification/.venv/lib/python3.9/site-packages/transformers/training_args.py:1474: FutureWarning: `evaluation_strategy` is deprecated and will be removed in version 4.46 of 🤗 Transformers. Use `eval_strategy` instead
  warnings.warn(

2024-06-01 14:57:02,738 - kedro.pipeline.node - ERROR - Node 'train_model_node: train_model([train_dataset,val_dataset,params:train_params]) -> [trained_model]' failed with error: 
MPS backend out of memory (MPS allocated: 17.64 GB, other allocations: 434.67 MB, max allowed: 18.13 GB). Tried to allocate 384.00 MB on private pool. Use PYTORCH_MPS_HIGH_WATERMARK_RATIO=0.0 to disable upper limit for memory allocations (may cause system failure).
2024-06-01 14:57:02,773 - kedro.runner.sequential_runner - WARNING - There are 2 nodes that have not run.
You can resume the pipeline run from the nearest nodes with persisted inputs by adding the following argument to your previous command:
  --from-nodes "preprocess_sentiment_data_node"
2024-06-01 14:57:25,436 - kedro_viz.api.rest.responses - WARNING - Experiment Tracking is exclusively supported for users with kedro-datasets >= 2.1.0
